<?xml version="1.0" encoding="UTF-8"?>
<testng-results ignored="0" total="1" passed="1" failed="0" skipped="0">
  <reporter-output>
  </reporter-output>
  <suite started-at="2018-08-08T17:41:10Z" name="softwaretestingmaterial" finished-at="2018-08-08T17:41:27Z" duration-ms="16599">
    <groups>
    </groups>
    <test started-at="2018-08-08T17:41:10Z" name="testngTest" finished-at="2018-08-08T17:41:27Z" duration-ms="16599">
      <class name="test.onlineshopping.IdLocatorExample">
        <test-method signature="display1()[pri:0, instance:test.onlineshopping.IdLocatorExample@157853da]" started-at="2018-08-08T17:41:11Z" name="display1" finished-at="2018-08-08T17:41:27Z" duration-ms="16558" status="PASS">
          <reporter-output>
          </reporter-output>
        </test-method> <!-- display1 -->
      </class> <!-- test.onlineshopping.IdLocatorExample -->
    </test> <!-- testngTest -->
  </suite> <!-- softwaretestingmaterial -->
</testng-results>
