<?xml version="1.0" encoding="UTF-8"?>
<testng-results ignored="0" total="1" passed="1" failed="0" skipped="0">
  <reporter-output>
  </reporter-output>
  <suite started-at="2018-07-22T22:24:35Z" name="Default suite" finished-at="2018-07-22T22:24:48Z" duration-ms="13717">
    <groups>
    </groups>
    <test started-at="2018-07-22T22:24:35Z" name="Default test" finished-at="2018-07-22T22:24:48Z" duration-ms="13717">
      <class name="test.onlineshopping.IdLocatorExample">
        <test-method signature="display1()[pri:0, instance:test.onlineshopping.IdLocatorExample@fa36558]" started-at="2018-07-22T22:24:35Z" name="display1" finished-at="2018-07-22T22:24:48Z" duration-ms="13676" status="PASS">
          <reporter-output>
          </reporter-output>
        </test-method> <!-- display1 -->
      </class> <!-- test.onlineshopping.IdLocatorExample -->
    </test> <!-- Default test -->
  </suite> <!-- Default suite -->
</testng-results>
